; Top Design: "Lab2_lib:Lab2:Matching"
; Netlisted using Hierarchy Policy: "Standard"

Options ResourceUsage=yes UseNutmegFormat=no EnableOptim=no TopDesignName="Lab2_lib:Lab2:Matching" DcopOutputNodeVoltages=yes DcopOutputPinCurrents=yes DcopOutputAllSweepPoints=no DcopOutputDcopType=0
Port:TermG1  N__0 0 Num=1 Z=50 Ohm Noise=yes 
Port:TermG2  N__1 0 Num=2 Z=50 Ohm Noise=yes 
C:C1  N__1 0 C=2.60765 pF 
L:L1  N__0 N__1 L=2.27326 nH Noise=yes  
model MSub1 MSUB H=32 mil Er=3.55 Mur=1 Cond=1.0E+50 Hu=3.93701e+34 mil T=35 um TanD=.0027 Rough=0 mm DielectricLossModel=1 FreqForEpsrTanD=1.0 GHz LowFreqForTanD=1.0 kHz HighFreqForTanD=1.0 THz RoughnessModel=2 
S_Param:SP1 CalcS=yes CalcY=no CalcZ=no GroupDelayAperture=1e-4 FreqConversion=no FreqConversionPort=1 StatusLevel=2 CalcNoise=no SortNoise=0 BandwidthForNoise=1.0 Hz DevOpPtLevel=0 SPSS_WSP=yes \
SweepVar="freq" SweepPlan="SP1_stim" OutputPlan="SP1_Output" 

SweepPlan: SP1_stim Start=0.3 GHz Stop=10.0 GHz Step=0.1 GHz 

OutputPlan:SP1_Output \
      Type="Output" \
      UseEquationNestLevel=yes \
      EquationNestLevel=2 \
      UseSavedEquationNestLevel=yes \
      SavedEquationNestLevel=2

#load "python","LinearCollapse"
Component Module="LinearCollapse" Type="ModelExtractor" NetworkRepresentation=2
TLIN:TL1  N__2 N__5 Z=50.0 Ohm E=20.155 F=1 GHz 
TLIN:TL2  N__5 N__6 Z=50.0 Ohm E=30.102 F=1 GHz 
Port:TermG3  N__2 0 Num=3 Z=50 Ohm Noise=yes 
Port:TermG4  N__5 0 Num=4 Z=50 Ohm Noise=yes 
MLIN2:TL3  N__10 N__8 Subst="MSub1" W=70 mil L=398 mil Wall1=2.5e+28 mm Wall2=2.5e+28 mm Mod=1 
MLIN2:TL4  N__7 N__9 Subst="MSub1" W=70 mil L=594 mil Wall1=2.5e+28 mm Wall2=2.5e+28 mm Mod=1 
Port:TermG5  N__10 0 Num=5 Z=50 Ohm Noise=yes 
Port:TermG6  N__11 0 Num=6 Z=50 Ohm Noise=yes 
MTEE_ADS:Tee1  N__8 N__11 N__7 Subst="MSub1" W1=70 mil W2=70 mil W3=70 mil 
