==============================================================================

                  ------ MOMENTUM STATISTICS (MW mode) ------

              Momentum MomEngine_64 2023.10.445 (*) built: Nov  4 2022
                           Mon Apr  8 00:02:15 2024

==============================================================================


------------------------------------------------------------------------------
MESH
------------------------------------------------------------------------------
 Frequency          : 2 GHz

 Rectangular cells  : 31
 Quadrangular cells : 33
 Triangular cells   : 97
 Via cells          : 29

 Edge currents      : 293

------------------------------------------------------------------------------
SOLVER                        USER TIME      ELAPSED TIME      MEMORY         
PROCESSES                      (h:m:s)          (h:m:s)         (MB)          
------------------------------------------------------------------------------

SIMULATION SET-UP
-----------------
 Initialization           |     0: 0: 0   |     0: 0: 0   |     33.49   
 Ports analysis           |     0: 0: 0   |     0: 0: 0   |      0.28   
 Mesh processing          |     0: 0: 0   |     0: 0: 0   |      5.48   

 Matrix size : 322
 Reduced matrix size : 136
 Estimated process size is below 256.00 MB

 Simulation temperature : 298.15 K

1. SIMULATION FREQUENCY = 0 Hz 
-------------------------
 Green functions          |     0: 0: 0   |     0: 0: 0   |      2.06   
 Basis creation           |     0: 0: 0   |     0: 0: 0   |      4.25   
 Matrix load              |     0: 0: 0   |     0: 0: 0   |     32.74   
 Matrix solve             |     0: 0: 0   |     0: 0: 0   |      1.70   
 S parameters             |     0: 0: 0   |     0: 0: 0   |      0.05   
 Data storage             |     0: 0: 0   |     0: 0: 0   |      0.51   

2. SIMULATION FREQUENCY = 20.202 MHz 
-------------------------
 Green functions          |     0: 0: 0   |     0: 0: 0   |      0.02   
 Matrix load              |     0: 0: 0   |     0: 0: 0   |      4.71   
 Matrix solve             |     0: 0: 0   |     0: 0: 0   |      0.00   
 S parameters             |     0: 0: 0   |     0: 0: 0   |      0.00   
 Data storage             |     0: 0: 1   |     0: 0: 0   |      0.00   

3. SIMULATION FREQUENCY = 40.404 MHz 
-------------------------
 Green functions          |     0: 0: 0   |     0: 0: 0   |      0.00   
 Matrix load              |     0: 0: 0   |     0: 0: 0   |      0.39   
 Matrix solve             |     0: 0: 0   |     0: 0: 0   |      0.00   
 S parameters             |     0: 0: 0   |     0: 0: 0   |      0.00   
 Data storage             |     0: 0: 1   |     0: 0: 1   |      0.00   

4. SIMULATION FREQUENCY = 60.6061 MHz 
-------------------------
 Green functions          |     0: 0: 0   |     0: 0: 0   |      0.00   
 Matrix load              |     0: 0: 0   |     0: 0: 0   |      0.20   
 Matrix solve             |     0: 0: 0   |     0: 0: 0   |      0.00   
 S parameters             |     0: 0: 0   |     0: 0: 0   |      0.00   
 Data storage             |     0: 0: 0   |     0: 0: 0   |      0.00   

5. SIMULATION FREQUENCY = 80.8081 MHz 
-------------------------
 Green functions          |     0: 0: 0   |     0: 0: 0   |      0.00   
 Matrix load              |     0: 0: 1   |     0: 0: 0   |      0.25   
 Matrix solve             |     0: 0: 0   |     0: 0: 0   |      0.00   
 S parameters             |     0: 0: 0   |     0: 0: 0   |      0.00   
 Data storage             |     0: 0: 0   |     0: 0: 0   |      0.00   

6. SIMULATION FREQUENCY = 101.01 MHz 
-------------------------
 Green functions          |     0: 0: 0   |     0: 0: 0   |      0.00   
 Matrix load              |     0: 0: 0   |     0: 0: 0   |      0.22   
 Matrix solve             |     0: 0: 0   |     0: 0: 0   |      0.00   
 S parameters             |     0: 0: 0   |     0: 0: 0   |      0.00   
 Data storage             |     0: 0: 1   |     0: 0: 0   |      0.00   

7. SIMULATION FREQUENCY = 121.212 MHz 
-------------------------
 Green functions          |     0: 0: 0   |     0: 0: 0   |      0.00   
 Matrix load              |     0: 0: 0   |     0: 0: 0   |      0.19   
 Matrix solve             |     0: 0: 0   |     0: 0: 0   |      0.00   
 S parameters             |     0: 0: 0   |     0: 0: 0   |      0.00   
 Data storage             |     0: 0: 0   |     0: 0: 1   |      0.00   

8. SIMULATION FREQUENCY = 141.414 MHz 
-------------------------
 Green functions          |     0: 0: 0   |     0: 0: 0   |      0.00   
 Matrix load              |     0: 0: 1   |     0: 0: 0   |      0.10   
 Matrix solve             |     0: 0: 0   |     0: 0: 0   |      0.00   
 S parameters             |     0: 0: 0   |     0: 0: 0   |      0.00   
 Data storage             |     0: 0: 0   |     0: 0: 0   |      0.00   

9. SIMULATION FREQUENCY = 161.616 MHz 
-------------------------
 Green functions          |     0: 0: 0   |     0: 0: 0   |      0.00   
 Matrix load              |     0: 0: 1   |     0: 0: 0   |      0.00   
 Matrix solve             |     0: 0: 0   |     0: 0: 0   |      0.00   
 S parameters             |     0: 0: 0   |     0: 0: 0   |      0.00   
 Data storage             |     0: 0: 0   |     0: 0: 0   |      0.00   

10. SIMULATION FREQUENCY = 181.818 MHz 
-------------------------
 Green functions          |     0: 0: 0   |     0: 0: 0   |      0.00   
 Matrix load              |     0: 0: 0   |     0: 0: 0   |      0.00   
 Matrix solve             |     0: 0: 0   |     0: 0: 0   |      0.00   
 S parameters             |     0: 0: 0   |     0: 0: 0   |      0.00   
 Data storage             |     0: 0: 1   |     0: 0: 0   |      0.00   

11. SIMULATION FREQUENCY = 202.02 MHz 
-------------------------
 Green functions          |     0: 0: 0   |     0: 0: 0   |      0.00   
 Matrix load              |     0: 0: 0   |     0: 0: 0   |      0.00   
 Matrix solve             |     0: 0: 0   |     0: 0: 0   |      0.00   
 S parameters             |     0: 0: 0   |     0: 0: 0   |      0.00   
 Data storage             |     0: 0: 0   |     0: 0: 0   |      0.00   

12. SIMULATION FREQUENCY = 222.222 MHz 
-------------------------
 Green functions          |     0: 0: 0   |     0: 0: 0   |      0.00   
 Matrix load              |     0: 0: 0   |     0: 0: 1   |      0.01   
 Matrix solve             |     0: 0: 0   |     0: 0: 0   |      0.00   
 S parameters             |     0: 0: 0   |     0: 0: 0   |      0.00   
 Data storage             |     0: 0: 1   |     0: 0: 0   |      0.00   

13. SIMULATION FREQUENCY = 242.424 MHz 
-------------------------
 Green functions          |     0: 0: 0   |     0: 0: 0   |      0.00   
 Matrix load              |     0: 0: 0   |     0: 0: 0   |      0.09   
 Matrix solve             |     0: 0: 0   |     0: 0: 0   |      0.00   
 S parameters             |     0: 0: 0   |     0: 0: 0   |      0.00   
 Data storage             |     0: 0: 0   |     0: 0: 0   |      0.00   

14. SIMULATION FREQUENCY = 262.626 MHz 
-------------------------
 Green functions          |     0: 0: 0   |     0: 0: 0   |      0.00   
 Matrix load              |     0: 0: 0   |     0: 0: 0   |      0.04   
 Matrix solve             |     0: 0: 0   |     0: 0: 0   |      0.00   
 S parameters             |     0: 0: 0   |     0: 0: 0   |      0.00   
 Data storage             |     0: 0: 1   |     0: 0: 0   |      0.00   

15. SIMULATION FREQUENCY = 282.828 MHz 
-------------------------
 Green functions          |     0: 0: 0   |     0: 0: 0   |      0.00   
 Matrix load              |     0: 0: 0   |     0: 0: 0   |      0.00   
 Matrix solve             |     0: 0: 0   |     0: 0: 0   |      0.00   
 S parameters             |     0: 0: 0   |     0: 0: 0   |      0.00   
 Data storage             |     0: 0: 1   |     0: 0: 0   |      0.00   

16. SIMULATION FREQUENCY = 303.03 MHz 
-------------------------
 Green functions          |     0: 0: 0   |     0: 0: 0   |      0.00   
 Matrix load              |     0: 0: 0   |     0: 0: 0   |      0.11   
 Matrix solve             |     0: 0: 0   |     0: 0: 0   |      0.00   
 S parameters             |     0: 0: 0   |     0: 0: 0   |      0.00   
 Data storage             |     0: 0: 1   |     0: 0: 1   |      0.00   

17. SIMULATION FREQUENCY = 323.232 MHz 
-------------------------
 Green functions          |     0: 0: 0   |     0: 0: 0   |      0.00   
 Matrix load              |     0: 0: 0   |     0: 0: 0   |      0.09   
 Matrix solve             |     0: 0: 0   |     0: 0: 0   |      0.00   
 S parameters             |     0: 0: 0   |     0: 0: 0   |      0.00   
 Data storage             |     0: 0: 0   |     0: 0: 0   |      0.00   

18. SIMULATION FREQUENCY = 343.434 MHz 
-------------------------
 Green functions          |     0: 0: 0   |     0: 0: 0   |      0.00   
 Matrix load              |     0: 0: 1   |     0: 0: 0   |      0.00   
 Matrix solve             |     0: 0: 0   |     0: 0: 0   |      0.00   
 S parameters             |     0: 0: 0   |     0: 0: 0   |      0.00   
 Data storage             |     0: 0: 0   |     0: 0: 0   |      0.00   

19. SIMULATION FREQUENCY = 363.636 MHz 
-------------------------
 Green functions          |     0: 0: 0   |     0: 0: 0   |      0.00   
 Matrix load              |     0: 0: 0   |     0: 0: 0   |      0.00   
 Matrix solve             |     0: 0: 0   |     0: 0: 0   |      0.00   
 S parameters             |     0: 0: 0   |     0: 0: 0   |      0.00   
 Data storage             |     0: 0: 1   |     0: 0: 0   |      0.00   

20. SIMULATION FREQUENCY = 383.838 MHz 
-------------------------
 Green functions          |     0: 0: 0   |     0: 0: 0   |      0.00   
 Matrix load              |     0: 0: 0   |     0: 0: 0   |      0.11   
 Matrix solve             |     0: 0: 0   |     0: 0: 0   |      0.00   
 S parameters             |     0: 0: 0   |     0: 0: 0   |      0.00   
 Data storage             |     0: 0: 0   |     0: 0: 0   |      0.00   

21. SIMULATION FREQUENCY = 404.04 MHz 
-------------------------
 Green functions          |     0: 0: 0   |     0: 0: 0   |      0.00   
 Matrix load              |     0: 0: 1   |     0: 0: 0   |      0.00   
 Matrix solve             |     0: 0: 0   |     0: 0: 0   |      0.00   
 S parameters             |     0: 0: 0   |     0: 0: 0   |      0.00   
 Data storage             |     0: 0: 0   |     0: 0: 1   |      0.00   

22. SIMULATION FREQUENCY = 424.242 MHz 
-------------------------
 Green functions          |     0: 0: 0   |     0: 0: 0   |      0.00   
 Matrix load              |     0: 0: 0   |     0: 0: 0   |      0.00   
 Matrix solve             |     0: 0: 0   |     0: 0: 0   |      0.00   
 S parameters             |     0: 0: 0   |     0: 0: 0   |      0.00   
 Data storage             |     0: 0: 1   |     0: 0: 0   |      0.00   

23. SIMULATION FREQUENCY = 444.444 MHz 
-------------------------
 Green functions          |     0: 0: 0   |     0: 0: 0   |      0.00   
 Matrix load              |     0: 0: 0   |     0: 0: 0   |      0.00   
 Matrix solve             |     0: 0: 0   |     0: 0: 0   |      0.00   
 S parameters             |     0: 0: 0   |     0: 0: 0   |      0.00   
 Data storage             |     0: 0: 0   |     0: 0: 0   |      0.00   

24. SIMULATION FREQUENCY = 464.646 MHz 
-------------------------
 Green functions          |     0: 0: 0   |     0: 0: 0   |      0.00   
 Matrix load              |     0: 0: 1   |     0: 0: 0   |      0.00   
 Matrix solve             |     0: 0: 0   |     0: 0: 0   |      0.00   
 S parameters             |     0: 0: 0   |     0: 0: 0   |      0.00   
 Data storage             |     0: 0: 0   |     0: 0: 0   |      0.00   

25. SIMULATION FREQUENCY = 484.848 MHz 
-------------------------
 Green functions          |     0: 0: 0   |     0: 0: 0   |      0.00   
 Matrix load              |     0: 0: 1   |     0: 0: 0   |      0.08   
 Matrix solve             |     0: 0: 0   |     0: 0: 0   |      0.00   
 S parameters             |     0: 0: 0   |     0: 0: 0   |      0.00   
 Data storage             |     0: 0: 0   |     0: 0: 1   |      0.00   

26. SIMULATION FREQUENCY = 505.051 MHz 
-------------------------
 Green functions          |     0: 0: 0   |     0: 0: 0   |      0.00   
 Matrix load              |     0: 0: 0   |     0: 0: 0   |      0.00   
 Matrix solve             |     0: 0: 0   |     0: 0: 0   |      0.00   
 S parameters             |     0: 0: 0   |     0: 0: 0   |      0.00   
 Data storage             |     0: 0: 1   |     0: 0: 0   |      0.00   

27. SIMULATION FREQUENCY = 525.253 MHz 
-------------------------
 Green functions          |     0: 0: 0   |     0: 0: 0   |      0.00   
 Matrix load              |     0: 0: 0   |     0: 0: 0   |      0.00   
 Matrix solve             |     0: 0: 0   |     0: 0: 0   |      0.00   
 S parameters             |     0: 0: 0   |     0: 0: 0   |      0.00   
 Data storage             |     0: 0: 1   |     0: 0: 0   |      0.00   

28. SIMULATION FREQUENCY = 545.455 MHz 
-------------------------
 Green functions          |     0: 0: 0   |     0: 0: 0   |      0.00   
 Matrix load              |     0: 0: 0   |     0: 0: 0   |      0.00   
 Matrix solve             |     0: 0: 0   |     0: 0: 0   |      0.00   
 S parameters             |     0: 0: 0   |     0: 0: 0   |      0.00   
 Data storage             |     0: 0: 0   |     0: 0: 0   |      0.00   

29. SIMULATION FREQUENCY = 565.657 MHz 
-------------------------
 Green functions          |     0: 0: 0   |     0: 0: 0   |      0.00   
 Matrix load              |     0: 0: 1   |     0: 0: 0   |      0.00   
 Matrix solve             |     0: 0: 0   |     0: 0: 0   |      0.00   
 S parameters             |     0: 0: 0   |     0: 0: 0   |      0.00   
 Data storage             |     0: 0: 0   |     0: 0: 1   |      0.00   

30. SIMULATION FREQUENCY = 585.859 MHz 
-------------------------
 Green functions          |     0: 0: 0   |     0: 0: 0   |      0.00   
 Matrix load              |     0: 0: 1   |     0: 0: 0   |      0.04   
 Matrix solve             |     0: 0: 0   |     0: 0: 0   |      0.00   
 S parameters             |     0: 0: 0   |     0: 0: 0   |      0.00   
 Data storage             |     0: 0: 0   |     0: 0: 0   |      0.00   

31. SIMULATION FREQUENCY = 606.061 MHz 
-------------------------
 Green functions          |     0: 0: 0   |     0: 0: 0   |      0.00   
 Matrix load              |     0: 0: 0   |     0: 0: 0   |      0.00   
 Matrix solve             |     0: 0: 0   |     0: 0: 0   |      0.00   
 S parameters             |     0: 0: 0   |     0: 0: 0   |      0.00   
 Data storage             |     0: 0: 1   |     0: 0: 0   |      0.00   

32. SIMULATION FREQUENCY = 626.263 MHz 
-------------------------
 Green functions          |     0: 0: 0   |     0: 0: 0   |      0.00   
 Matrix load              |     0: 0: 0   |     0: 0: 0   |      0.00   
 Matrix solve             |     0: 0: 0   |     0: 0: 0   |      0.00   
 S parameters             |     0: 0: 0   |     0: 0: 0   |      0.00   
 Data storage             |     0: 0: 0   |     0: 0: 0   |      0.00   

33. SIMULATION FREQUENCY = 646.465 MHz 
-------------------------
 Green functions          |     0: 0: 0   |     0: 0: 0   |      0.00   
 Matrix load              |     0: 0: 1   |     0: 0: 0   |      0.00   
 Matrix solve             |     0: 0: 0   |     0: 0: 0   |      0.00   
 S parameters             |     0: 0: 0   |     0: 0: 0   |      0.00   
 Data storage             |     0: 0: 0   |     0: 0: 1   |      0.00   

34. SIMULATION FREQUENCY = 666.667 MHz 
-------------------------
 Green functions          |     0: 0: 0   |     0: 0: 0   |      0.00   
 Matrix load              |     0: 0: 0   |     0: 0: 0   |      0.00   
 Matrix solve             |     0: 0: 0   |     0: 0: 0   |      0.00   
 S parameters             |     0: 0: 0   |     0: 0: 0   |      0.00   
 Data storage             |     0: 0: 1   |     0: 0: 0   |      0.00   

35. SIMULATION FREQUENCY = 686.869 MHz 
-------------------------
 Green functions          |     0: 0: 0   |     0: 0: 0   |      0.00   
 Matrix load              |     0: 0: 0   |     0: 0: 0   |      0.00   
 Matrix solve             |     0: 0: 0   |     0: 0: 0   |      0.00   
 S parameters             |     0: 0: 0   |     0: 0: 0   |      0.00   
 Data storage             |     0: 0: 1   |     0: 0: 0   |      0.00   

36. SIMULATION FREQUENCY = 707.071 MHz 
-------------------------
 Green functions          |     0: 0: 0   |     0: 0: 0   |      0.00   
 Matrix load              |     0: 0: 0   |     0: 0: 0   |      0.00   
 Matrix solve             |     0: 0: 0   |     0: 0: 0   |      0.00   
 S parameters             |     0: 0: 0   |     0: 0: 0   |      0.00   
 Data storage             |     0: 0: 0   |     0: 0: 0   |      0.00   

37. SIMULATION FREQUENCY = 727.273 MHz 
-------------------------
 Green functions          |     0: 0: 0   |     0: 0: 0   |      0.00   
 Matrix load              |     0: 0: 1   |     0: 0: 0   |      0.00   
 Matrix solve             |     0: 0: 0   |     0: 0: 0   |      0.00   
 S parameters             |     0: 0: 0   |     0: 0: 0   |      0.00   
 Data storage             |     0: 0: 0   |     0: 0: 0   |      0.00   

38. SIMULATION FREQUENCY = 747.475 MHz 
-------------------------
 Green functions          |     0: 0: 0   |     0: 0: 0   |      0.00   
 Matrix load              |     0: 0: 0   |     0: 0: 0   |      0.00   
 Matrix solve             |     0: 0: 0   |     0: 0: 0   |      0.00   
 S parameters             |     0: 0: 0   |     0: 0: 0   |      0.00   
 Data storage             |     0: 0: 1   |     0: 0: 1   |      0.00   

39. SIMULATION FREQUENCY = 767.677 MHz 
-------------------------
 Green functions          |     0: 0: 0   |     0: 0: 0   |      0.00   
 Matrix load              |     0: 0: 0   |     0: 0: 0   |      0.00   
 Matrix solve             |     0: 0: 0   |     0: 0: 0   |      0.00   
 S parameters             |     0: 0: 0   |     0: 0: 0   |      0.00   
 Data storage             |     0: 0: 1   |     0: 0: 0   |      0.00   

40. SIMULATION FREQUENCY = 787.879 MHz 
-------------------------
 Green functions          |     0: 0: 0   |     0: 0: 0   |      0.00   
 Matrix load              |     0: 0: 0   |     0: 0: 0   |      0.00   
 Matrix solve             |     0: 0: 0   |     0: 0: 0   |      0.00   
 S parameters             |     0: 0: 0   |     0: 0: 0   |      0.00   
 Data storage             |     0: 0: 0   |     0: 0: 0   |      0.00   

41. SIMULATION FREQUENCY = 808.081 MHz 
-------------------------
 Green functions          |     0: 0: 1   |     0: 0: 0   |      0.00   
 Matrix load              |     0: 0: 0   |     0: 0: 0   |      0.00   
 Matrix solve             |     0: 0: 0   |     0: 0: 0   |      0.00   
 S parameters             |     0: 0: 0   |     0: 0: 0   |      0.00   
 Data storage             |     0: 0: 0   |     0: 0: 0   |      0.00   

42. SIMULATION FREQUENCY = 828.283 MHz 
-------------------------
 Green functions          |     0: 0: 0   |     0: 0: 0   |      0.00   
 Matrix load              |     0: 0: 0   |     0: 0: 0   |      0.03   
 Matrix solve             |     0: 0: 0   |     0: 0: 0   |      0.00   
 S parameters             |     0: 0: 0   |     0: 0: 0   |      0.00   
 Data storage             |     0: 0: 1   |     0: 0: 1   |      0.00   

43. SIMULATION FREQUENCY = 848.485 MHz 
-------------------------
 Green functions          |     0: 0: 0   |     0: 0: 0   |      0.00   
 Matrix load              |     0: 0: 0   |     0: 0: 0   |      0.01   
 Matrix solve             |     0: 0: 0   |     0: 0: 0   |      0.00   
 S parameters             |     0: 0: 0   |     0: 0: 0   |      0.00   
 Data storage             |     0: 0: 1   |     0: 0: 0   |      0.00   

44. SIMULATION FREQUENCY = 868.687 MHz 
-------------------------
 Green functions          |     0: 0: 0   |     0: 0: 0   |      0.00   
 Matrix load              |     0: 0: 0   |     0: 0: 0   |      0.00   
 Matrix solve             |     0: 0: 0   |     0: 0: 0   |      0.00   
 S parameters             |     0: 0: 0   |     0: 0: 0   |      0.00   
 Data storage             |     0: 0: 1   |     0: 0: 0   |      0.00   

45. SIMULATION FREQUENCY = 888.889 MHz 
-------------------------
 Green functions          |     0: 0: 0   |     0: 0: 0   |      0.00   
 Matrix load              |     0: 0: 0   |     0: 0: 0   |      0.00   
 Matrix solve             |     0: 0: 0   |     0: 0: 0   |      0.00   
 S parameters             |     0: 0: 0   |     0: 0: 0   |      0.00   
 Data storage             |     0: 0: 1   |     0: 0: 0   |      0.00   

46. SIMULATION FREQUENCY = 909.091 MHz 
-------------------------
 Green functions          |     0: 0: 0   |     0: 0: 0   |      0.00   
 Matrix load              |     0: 0: 0   |     0: 0: 0   |      0.00   
 Matrix solve             |     0: 0: 0   |     0: 0: 0   |      0.00   
 S parameters             |     0: 0: 0   |     0: 0: 0   |      0.00   
 Data storage             |     0: 0: 0   |     0: 0: 1   |      0.00   

47. SIMULATION FREQUENCY = 929.293 MHz 
-------------------------
 Green functions          |     0: 0: 0   |     0: 0: 0   |      0.00   
 Matrix load              |     0: 0: 1   |     0: 0: 0   |      0.00   
 Matrix solve             |     0: 0: 0   |     0: 0: 0   |      0.00   
 S parameters             |     0: 0: 0   |     0: 0: 0   |      0.00   
 Data storage             |     0: 0: 0   |     0: 0: 0   |      0.00   

48. SIMULATION FREQUENCY = 949.495 MHz 
-------------------------
 Green functions          |     0: 0: 0   |     0: 0: 0   |      0.00   
 Matrix load              |     0: 0: 0   |     0: 0: 0   |      0.00   
 Matrix solve             |     0: 0: 0   |     0: 0: 0   |      0.00   
 S parameters             |     0: 0: 0   |     0: 0: 0   |      0.00   
 Data storage             |     0: 0: 1   |     0: 0: 0   |      0.00   

49. SIMULATION FREQUENCY = 969.697 MHz 
-------------------------
 Green functions          |     0: 0: 0   |     0: 0: 0   |      0.00   
 Matrix load              |     0: 0: 0   |     0: 0: 0   |      0.00   
 Matrix solve             |     0: 0: 0   |     0: 0: 0   |      0.00   
 S parameters             |     0: 0: 0   |     0: 0: 0   |      0.00   
 Data storage             |     0: 0: 0   |     0: 0: 0   |      0.00   

50. SIMULATION FREQUENCY = 989.899 MHz 
-------------------------
 Green functions          |     0: 0: 0   |     0: 0: 0   |      0.00   
 Matrix load              |     0: 0: 1   |     0: 0: 0   |      0.00   
 Matrix solve             |     0: 0: 0   |     0: 0: 0   |      0.00   
 S parameters             |     0: 0: 0   |     0: 0: 0   |      0.00   
 Data storage             |     0: 0: 0   |     0: 0: 0   |      0.00   

51. SIMULATION FREQUENCY = 1.0101 GHz 
-------------------------
 Green functions          |     0: 0: 0   |     0: 0: 0   |      0.00   
 Matrix load              |     0: 0: 0   |     0: 0: 0   |      0.00   
 Matrix solve             |     0: 0: 0   |     0: 0: 1   |      0.00   
 S parameters             |     0: 0: 0   |     0: 0: 0   |      0.00   
 Data storage             |     0: 0: 1   |     0: 0: 0   |      0.00   

52. SIMULATION FREQUENCY = 1.0303 GHz 
-------------------------
 Green functions          |     0: 0: 0   |     0: 0: 0   |      0.00   
 Matrix load              |     0: 0: 0   |     0: 0: 0   |      0.00   
 Matrix solve             |     0: 0: 0   |     0: 0: 0   |      0.00   
 S parameters             |     0: 0: 0   |     0: 0: 0   |      0.00   
 Data storage             |     0: 0: 1   |     0: 0: 0   |      0.00   

53. SIMULATION FREQUENCY = 1.05051 GHz 
-------------------------
 Green functions          |     0: 0: 0   |     0: 0: 0   |      0.00   
 Matrix load              |     0: 0: 0   |     0: 0: 0   |      0.00   
 Matrix solve             |     0: 0: 0   |     0: 0: 0   |      0.00   
 S parameters             |     0: 0: 0   |     0: 0: 0   |      0.00   
 Data storage             |     0: 0: 1   |     0: 0: 0   |      0.00   

54. SIMULATION FREQUENCY = 1.07071 GHz 
-------------------------
 Green functions          |     0: 0: 0   |     0: 0: 0   |      0.00   
 Matrix load              |     0: 0: 0   |     0: 0: 0   |      0.00   
 Matrix solve             |     0: 0: 0   |     0: 0: 0   |      0.00   
 S parameters             |     0: 0: 0   |     0: 0: 0   |      0.00   
 Data storage             |     0: 0: 0   |     0: 0: 1   |      0.00   

55. SIMULATION FREQUENCY = 1.09091 GHz 
-------------------------
 Green functions          |     0: 0: 0   |     0: 0: 0   |      0.00   
 Matrix load              |     0: 0: 1   |     0: 0: 0   |      0.00   
 Matrix solve             |     0: 0: 0   |     0: 0: 0   |      0.00   
 S parameters             |     0: 0: 0   |     0: 0: 0   |      0.00   
 Data storage             |     0: 0: 0   |     0: 0: 0   |      0.00   

56. SIMULATION FREQUENCY = 1.11111 GHz 
-------------------------
 Green functions          |     0: 0: 0   |     0: 0: 0   |      0.00   
 Matrix load              |     0: 0: 0   |     0: 0: 0   |      0.00   
 Matrix solve             |     0: 0: 0   |     0: 0: 0   |      0.00   
 S parameters             |     0: 0: 0   |     0: 0: 0   |      0.00   
 Data storage             |     0: 0: 1   |     0: 0: 0   |      0.00   

57. SIMULATION FREQUENCY = 1.13131 GHz 
-------------------------
 Green functions          |     0: 0: 0   |     0: 0: 0   |      0.00   
 Matrix load              |     0: 0: 0   |     0: 0: 0   |      0.00   
 Matrix solve             |     0: 0: 0   |     0: 0: 0   |      0.00   
 S parameters             |     0: 0: 0   |     0: 0: 0   |      0.00   
 Data storage             |     0: 0: 1   |     0: 0: 0   |      0.00   

58. SIMULATION FREQUENCY = 1.15152 GHz 
-------------------------
 Green functions          |     0: 0: 0   |     0: 0: 1   |      0.00   
 Matrix load              |     0: 0: 0   |     0: 0: 0   |      0.00   
 Matrix solve             |     0: 0: 0   |     0: 0: 0   |      0.00   
 S parameters             |     0: 0: 0   |     0: 0: 0   |      0.00   
 Data storage             |     0: 0: 1   |     0: 0: 0   |      0.00   

59. SIMULATION FREQUENCY = 1.17172 GHz 
-------------------------
 Green functions          |     0: 0: 0   |     0: 0: 0   |      0.00   
 Matrix load              |     0: 0: 0   |     0: 0: 0   |      0.00   
 Matrix solve             |     0: 0: 0   |     0: 0: 0   |      0.00   
 S parameters             |     0: 0: 0   |     0: 0: 0   |      0.00   
 Data storage             |     0: 0: 0   |     0: 0: 0   |      0.00   

60. SIMULATION FREQUENCY = 1.19192 GHz 
-------------------------
 Green functions          |     0: 0: 0   |     0: 0: 0   |      0.00   
 Matrix load              |     0: 0: 1   |     0: 0: 0   |      0.00   
 Matrix solve             |     0: 0: 0   |     0: 0: 0   |      0.00   
 S parameters             |     0: 0: 0   |     0: 0: 0   |      0.00   
 Data storage             |     0: 0: 0   |     0: 0: 0   |      0.00   

61. SIMULATION FREQUENCY = 1.21212 GHz 
-------------------------
 Green functions          |     0: 0: 0   |     0: 0: 0   |      0.00   
 Matrix load              |     0: 0: 1   |     0: 0: 0   |      0.00   
 Matrix solve             |     0: 0: 0   |     0: 0: 0   |      0.00   
 S parameters             |     0: 0: 0   |     0: 0: 0   |      0.00   
 Data storage             |     0: 0: 0   |     0: 0: 1   |      0.00   

62. SIMULATION FREQUENCY = 1.23232 GHz 
-------------------------
 Green functions          |     0: 0: 0   |     0: 0: 0   |      0.00   
 Matrix load              |     0: 0: 1   |     0: 0: 0   |      0.00   
 Matrix solve             |     0: 0: 0   |     0: 0: 0   |      0.00   
 S parameters             |     0: 0: 0   |     0: 0: 0   |      0.00   
 Data storage             |     0: 0: 0   |     0: 0: 0   |      0.00   

63. SIMULATION FREQUENCY = 1.25253 GHz 
-------------------------
 Green functions          |     0: 0: 0   |     0: 0: 0   |      0.00   
 Matrix load              |     0: 0: 0   |     0: 0: 0   |      0.00   
 Matrix solve             |     0: 0: 0   |     0: 0: 0   |      0.00   
 S parameters             |     0: 0: 0   |     0: 0: 0   |      0.00   
 Data storage             |     0: 0: 1   |     0: 0: 0   |      0.00   

64. SIMULATION FREQUENCY = 1.27273 GHz 
-------------------------
 Green functions          |     0: 0: 0   |     0: 0: 0   |      0.00   
 Matrix load              |     0: 0: 0   |     0: 0: 0   |      0.00   
 Matrix solve             |     0: 0: 0   |     0: 0: 0   |      0.00   
 S parameters             |     0: 0: 0   |     0: 0: 0   |      0.00   
 Data storage             |     0: 0: 1   |     0: 0: 0   |      0.00   

65. SIMULATION FREQUENCY = 1.29293 GHz 
-------------------------
 Green functions          |     0: 0: 0   |     0: 0: 0   |      0.00   
 Matrix load              |     0: 0: 0   |     0: 0: 0   |      0.00   
 Matrix solve             |     0: 0: 0   |     0: 0: 0   |      0.00   
 S parameters             |     0: 0: 0   |     0: 0: 0   |      0.00   
 Data storage             |     0: 0: 0   |     0: 0: 1   |      0.00   

66. SIMULATION FREQUENCY = 1.31313 GHz 
-------------------------
 Green functions          |     0: 0: 0   |     0: 0: 0   |      0.00   
 Matrix load              |     0: 0: 1   |     0: 0: 0   |      0.00   
 Matrix solve             |     0: 0: 0   |     0: 0: 0   |      0.00   
 S parameters             |     0: 0: 0   |     0: 0: 0   |      0.00   
 Data storage             |     0: 0: 0   |     0: 0: 0   |      0.00   

67. SIMULATION FREQUENCY = 1.33333 GHz 
-------------------------
 Green functions          |     0: 0: 0   |     0: 0: 0   |      0.00   
 Matrix load              |     0: 0: 0   |     0: 0: 0   |      0.00   
 Matrix solve             |     0: 0: 0   |     0: 0: 0   |      0.00   
 S parameters             |     0: 0: 0   |     0: 0: 0   |      0.00   
 Data storage             |     0: 0: 1   |     0: 0: 0   |      0.00   

68. SIMULATION FREQUENCY = 1.35354 GHz 
-------------------------
 Green functions          |     0: 0: 0   |     0: 0: 0   |      0.00   
 Matrix load              |     0: 0: 0   |     0: 0: 0   |      0.00   
 Matrix solve             |     0: 0: 0   |     0: 0: 0   |      0.00   
 S parameters             |     0: 0: 0   |     0: 0: 0   |      0.00   
 Data storage             |     0: 0: 1   |     0: 0: 0   |      0.00   

69. SIMULATION FREQUENCY = 1.37374 GHz 
-------------------------
 Green functions          |     0: 0: 0   |     0: 0: 0   |      0.00   
 Matrix load              |     0: 0: 0   |     0: 0: 0   |      0.00   
 Matrix solve             |     0: 0: 0   |     0: 0: 0   |      0.00   
 S parameters             |     0: 0: 0   |     0: 0: 0   |      0.00   
 Data storage             |     0: 0: 1   |     0: 0: 1   |      0.00   

70. SIMULATION FREQUENCY = 1.39394 GHz 
-------------------------
 Green functions          |     0: 0: 0   |     0: 0: 0   |      0.00   
 Matrix load              |     0: 0: 0   |     0: 0: 0   |      0.00   
 Matrix solve             |     0: 0: 0   |     0: 0: 0   |      0.00   
 S parameters             |     0: 0: 0   |     0: 0: 0   |      0.00   
 Data storage             |     0: 0: 1   |     0: 0: 0   |      0.00   

71. SIMULATION FREQUENCY = 1.41414 GHz 
-------------------------
 Green functions          |     0: 0: 0   |     0: 0: 0   |      0.00   
 Matrix load              |     0: 0: 0   |     0: 0: 0   |      0.00   
 Matrix solve             |     0: 0: 0   |     0: 0: 0   |      0.00   
 S parameters             |     0: 0: 0   |     0: 0: 0   |      0.00   
 Data storage             |     0: 0: 1   |     0: 0: 0   |      0.00   

72. SIMULATION FREQUENCY = 1.43434 GHz 
-------------------------
 Green functions          |     0: 0: 0   |     0: 0: 0   |      0.00   
 Matrix load              |     0: 0: 0   |     0: 0: 0   |      0.03   
 Matrix solve             |     0: 0: 0   |     0: 0: 0   |      0.00   
 S parameters             |     0: 0: 0   |     0: 0: 0   |      0.00   
 Data storage             |     0: 0: 0   |     0: 0: 1   |      0.00   

73. SIMULATION FREQUENCY = 1.45455 GHz 
-------------------------
 Green functions          |     0: 0: 1   |     0: 0: 0   |      0.00   
 Matrix load              |     0: 0: 0   |     0: 0: 0   |      0.00   
 Matrix solve             |     0: 0: 0   |     0: 0: 0   |      0.00   
 S parameters             |     0: 0: 0   |     0: 0: 0   |      0.00   
 Data storage             |     0: 0: 1   |     0: 0: 0   |      0.00   

74. SIMULATION FREQUENCY = 1.47475 GHz 
-------------------------
 Green functions          |     0: 0: 0   |     0: 0: 0   |      0.00   
 Matrix load              |     0: 0: 0   |     0: 0: 0   |      0.00   
 Matrix solve             |     0: 0: 0   |     0: 0: 0   |      0.00   
 S parameters             |     0: 0: 0   |     0: 0: 0   |      0.00   
 Data storage             |     0: 0: 0   |     0: 0: 0   |      0.00   

75. SIMULATION FREQUENCY = 1.49495 GHz 
-------------------------
 Green functions          |     0: 0: 0   |     0: 0: 0   |      0.00   
 Matrix load              |     0: 0: 1   |     0: 0: 0   |      0.00   
 Matrix solve             |     0: 0: 0   |     0: 0: 0   |      0.00   
 S parameters             |     0: 0: 0   |     0: 0: 0   |      0.00   
 Data storage             |     0: 0: 0   |     0: 0: 0   |      0.00   

76. SIMULATION FREQUENCY = 1.51515 GHz 
-------------------------
 Green functions          |     0: 0: 0   |     0: 0: 0   |      0.00   
 Matrix load              |     0: 0: 0   |     0: 0: 1   |      0.01   
 Matrix solve             |     0: 0: 0   |     0: 0: 0   |      0.00   
 S parameters             |     0: 0: 0   |     0: 0: 0   |      0.00   
 Data storage             |     0: 0: 1   |     0: 0: 0   |      0.00   

77. SIMULATION FREQUENCY = 1.53535 GHz 
-------------------------
 Green functions          |     0: 0: 0   |     0: 0: 0   |      0.00   
 Matrix load              |     0: 0: 0   |     0: 0: 0   |      0.00   
 Matrix solve             |     0: 0: 0   |     0: 0: 0   |      0.00   
 S parameters             |     0: 0: 0   |     0: 0: 0   |      0.00   
 Data storage             |     0: 0: 0   |     0: 0: 0   |      0.00   

78. SIMULATION FREQUENCY = 1.55556 GHz 
-------------------------
 Green functions          |     0: 0: 0   |     0: 0: 0   |      0.00   
 Matrix load              |     0: 0: 1   |     0: 0: 0   |      0.01   
 Matrix solve             |     0: 0: 0   |     0: 0: 0   |      0.00   
 S parameters             |     0: 0: 0   |     0: 0: 0   |      0.00   
 Data storage             |     0: 0: 0   |     0: 0: 0   |      0.00   

79. SIMULATION FREQUENCY = 1.57576 GHz 
-------------------------
 Green functions          |     0: 0: 0   |     0: 0: 0   |      0.00   
 Matrix load              |     0: 0: 1   |     0: 0: 0   |      0.00   
 Matrix solve             |     0: 0: 0   |     0: 0: 0   |      0.00   
 S parameters             |     0: 0: 0   |     0: 0: 0   |      0.00   
 Data storage             |     0: 0: 0   |     0: 0: 0   |      0.00   

80. SIMULATION FREQUENCY = 1.59596 GHz 
-------------------------
 Green functions          |     0: 0: 0   |     0: 0: 0   |      0.00   
 Matrix load              |     0: 0: 0   |     0: 0: 1   |      0.00   
 Matrix solve             |     0: 0: 0   |     0: 0: 0   |      0.00   
 S parameters             |     0: 0: 0   |     0: 0: 0   |      0.00   
 Data storage             |     0: 0: 1   |     0: 0: 0   |      0.00   

81. SIMULATION FREQUENCY = 1.61616 GHz 
-------------------------
 Green functions          |     0: 0: 0   |     0: 0: 0   |      0.00   
 Matrix load              |     0: 0: 0   |     0: 0: 0   |      0.00   
 Matrix solve             |     0: 0: 0   |     0: 0: 0   |      0.00   
 S parameters             |     0: 0: 0   |     0: 0: 0   |      0.00   
 Data storage             |     0: 0: 0   |     0: 0: 0   |      0.00   

82. SIMULATION FREQUENCY = 1.63636 GHz 
-------------------------
 Green functions          |     0: 0: 0   |     0: 0: 0   |      0.00   
 Matrix load              |     0: 0: 1   |     0: 0: 0   |      0.00   
 Matrix solve             |     0: 0: 0   |     0: 0: 0   |      0.00   
 S parameters             |     0: 0: 0   |     0: 0: 0   |      0.00   
 Data storage             |     0: 0: 0   |     0: 0: 0   |      0.00   

83. SIMULATION FREQUENCY = 1.65657 GHz 
-------------------------
 Green functions          |     0: 0: 0   |     0: 0: 0   |      0.00   
 Matrix load              |     0: 0: 1   |     0: 0: 0   |      0.00   
 Matrix solve             |     0: 0: 0   |     0: 0: 0   |      0.00   
 S parameters             |     0: 0: 0   |     0: 0: 0   |      0.00   
 Data storage             |     0: 0: 0   |     0: 0: 1   |      0.00   

84. SIMULATION FREQUENCY = 1.67677 GHz 
-------------------------
 Green functions          |     0: 0: 0   |     0: 0: 0   |      0.00   
 Matrix load              |     0: 0: 1   |     0: 0: 0   |      0.00   
 Matrix solve             |     0: 0: 0   |     0: 0: 0   |      0.00   
 S parameters             |     0: 0: 0   |     0: 0: 0   |      0.00   
 Data storage             |     0: 0: 0   |     0: 0: 0   |      0.00   

85. SIMULATION FREQUENCY = 1.69697 GHz 
-------------------------
 Green functions          |     0: 0: 0   |     0: 0: 0   |      0.00   
 Matrix load              |     0: 0: 0   |     0: 0: 0   |      0.00   
 Matrix solve             |     0: 0: 0   |     0: 0: 0   |      0.00   
 S parameters             |     0: 0: 0   |     0: 0: 0   |      0.00   
 Data storage             |     0: 0: 1   |     0: 0: 0   |      0.00   

86. SIMULATION FREQUENCY = 1.71717 GHz 
-------------------------
 Green functions          |     0: 0: 0   |     0: 0: 0   |      0.00   
 Matrix load              |     0: 0: 0   |     0: 0: 0   |      0.00   
 Matrix solve             |     0: 0: 0   |     0: 0: 0   |      0.00   
 S parameters             |     0: 0: 0   |     0: 0: 0   |      0.00   
 Data storage             |     0: 0: 0   |     0: 0: 1   |      0.00   

87. SIMULATION FREQUENCY = 1.73737 GHz 
-------------------------
 Green functions          |     0: 0: 0   |     0: 0: 0   |      0.00   
 Matrix load              |     0: 0: 1   |     0: 0: 0   |      0.00   
 Matrix solve             |     0: 0: 0   |     0: 0: 0   |      0.00   
 S parameters             |     0: 0: 0   |     0: 0: 0   |      0.00   
 Data storage             |     0: 0: 0   |     0: 0: 0   |      0.00   

88. SIMULATION FREQUENCY = 1.75758 GHz 
-------------------------
 Green functions          |     0: 0: 0   |     0: 0: 0   |      0.00   
 Matrix load              |     0: 0: 0   |     0: 0: 0   |      0.00   
 Matrix solve             |     0: 0: 0   |     0: 0: 0   |      0.00   
 S parameters             |     0: 0: 0   |     0: 0: 0   |      0.00   
 Data storage             |     0: 0: 0   |     0: 0: 0   |      0.00   

89. SIMULATION FREQUENCY = 1.77778 GHz 
-------------------------
 Green functions          |     0: 0: 0   |     0: 0: 0   |      0.00   
 Matrix load              |     0: 0: 1   |     0: 0: 0   |      0.00   
 Matrix solve             |     0: 0: 0   |     0: 0: 0   |      0.00   
 S parameters             |     0: 0: 0   |     0: 0: 0   |      0.00   
 Data storage             |     0: 0: 0   |     0: 0: 1   |      0.00   

90. SIMULATION FREQUENCY = 1.79798 GHz 
-------------------------
 Green functions          |     0: 0: 0   |     0: 0: 0   |      0.00   
 Matrix load              |     0: 0: 0   |     0: 0: 0   |      0.00   
 Matrix solve             |     0: 0: 0   |     0: 0: 0   |      0.00   
 S parameters             |     0: 0: 0   |     0: 0: 0   |      0.00   
 Data storage             |     0: 0: 1   |     0: 0: 0   |      0.00   

91. SIMULATION FREQUENCY = 1.81818 GHz 
-------------------------
 Green functions          |     0: 0: 0   |     0: 0: 0   |      0.00   
 Matrix load              |     0: 0: 0   |     0: 0: 0   |      0.00   
 Matrix solve             |     0: 0: 0   |     0: 0: 0   |      0.00   
 S parameters             |     0: 0: 0   |     0: 0: 0   |      0.00   
 Data storage             |     0: 0: 0   |     0: 0: 0   |      0.00   

92. SIMULATION FREQUENCY = 1.83838 GHz 
-------------------------
 Green functions          |     0: 0: 0   |     0: 0: 0   |      0.00   
 Matrix load              |     0: 0: 1   |     0: 0: 0   |      0.00   
 Matrix solve             |     0: 0: 0   |     0: 0: 0   |      0.00   
 S parameters             |     0: 0: 0   |     0: 0: 0   |      0.00   
 Data storage             |     0: 0: 0   |     0: 0: 1   |      0.00   

93. SIMULATION FREQUENCY = 1.85859 GHz 
-------------------------
 Green functions          |     0: 0: 0   |     0: 0: 0   |      0.00   
 Matrix load              |     0: 0: 1   |     0: 0: 0   |      0.00   
 Matrix solve             |     0: 0: 0   |     0: 0: 0   |      0.00   
 S parameters             |     0: 0: 0   |     0: 0: 0   |      0.00   
 Data storage             |     0: 0: 0   |     0: 0: 0   |      0.00   

94. SIMULATION FREQUENCY = 1.87879 GHz 
-------------------------
 Green functions          |     0: 0: 0   |     0: 0: 0   |      0.00   
 Matrix load              |     0: 0: 0   |     0: 0: 0   |      0.00   
 Matrix solve             |     0: 0: 0   |     0: 0: 0   |      0.00   
 S parameters             |     0: 0: 0   |     0: 0: 0   |      0.00   
 Data storage             |     0: 0: 1   |     0: 0: 0   |      0.00   

95. SIMULATION FREQUENCY = 1.89899 GHz 
-------------------------
 Green functions          |     0: 0: 0   |     0: 0: 0   |      0.00   
 Matrix load              |     0: 0: 0   |     0: 0: 0   |      0.00   
 Matrix solve             |     0: 0: 0   |     0: 0: 0   |      0.00   
 S parameters             |     0: 0: 0   |     0: 0: 0   |      0.00   
 Data storage             |     0: 0: 0   |     0: 0: 0   |      0.00   

96. SIMULATION FREQUENCY = 1.91919 GHz 
-------------------------
 Green functions          |     0: 0: 0   |     0: 0: 1   |      0.00   
 Matrix load              |     0: 0: 1   |     0: 0: 0   |      0.00   
 Matrix solve             |     0: 0: 0   |     0: 0: 0   |      0.00   
 S parameters             |     0: 0: 0   |     0: 0: 0   |      0.00   
 Data storage             |     0: 0: 0   |     0: 0: 0   |      0.00   

97. SIMULATION FREQUENCY = 1.93939 GHz 
-------------------------
 Green functions          |     0: 0: 0   |     0: 0: 0   |      0.00   
 Matrix load              |     0: 0: 0   |     0: 0: 0   |      0.00   
 Matrix solve             |     0: 0: 0   |     0: 0: 0   |      0.00   
 S parameters             |     0: 0: 0   |     0: 0: 0   |      0.00   
 Data storage             |     0: 0: 1   |     0: 0: 0   |      0.00   

98. SIMULATION FREQUENCY = 1.9596 GHz 
-------------------------
 Green functions          |     0: 0: 0   |     0: 0: 0   |      0.00   
 Matrix load              |     0: 0: 0   |     0: 0: 0   |      0.03   
 Matrix solve             |     0: 0: 0   |     0: 0: 0   |      0.00   
 S parameters             |     0: 0: 0   |     0: 0: 0   |      0.00   
 Data storage             |     0: 0: 0   |     0: 0: 0   |      0.00   

99. SIMULATION FREQUENCY = 1.9798 GHz 
-------------------------
 Green functions          |     0: 0: 0   |     0: 0: 0   |      0.00   
 Matrix load              |     0: 0: 1   |     0: 0: 0   |      0.01   
 Matrix solve             |     0: 0: 0   |     0: 0: 0   |      0.00   
 S parameters             |     0: 0: 0   |     0: 0: 0   |      0.00   
 Data storage             |     0: 0: 0   |     0: 0: 1   |      0.00   

100. SIMULATION FREQUENCY = 2 GHz 
-------------------------
 Green functions          |     0: 0: 0   |     0: 0: 0   |      0.00   
 Matrix load              |     0: 0: 0   |     0: 0: 0   |      0.01   
 Matrix solve             |     0: 0: 0   |     0: 0: 0   |      0.00   
 S parameters             |     0: 0: 0   |     0: 0: 0   |      0.00   
 Data storage             |     0: 0: 1   |     0: 0: 0   |      0.00   

------------------------------------------------------------------------------
TOTALS
------------------------------------------------------------------------------
 Nr of Frequencies   : 100 

 Physical memory :    87.36 MB
 Virtual memory  :   100.47 MB
 Page faults     :       60677
 User Time       :    0h 1m15s
 Elapsed Time    :    0h 0m27s

==============================================================================

