==============================================================================

                  ------ MOMENTUM STATISTICS (MW mode) ------

              Momentum MomEngine_64 2023.10.445 (*) built: Nov  4 2022
                           Thu Feb 22 09:11:16 2024

==============================================================================


------------------------------------------------------------------------------
MESH
------------------------------------------------------------------------------
 Frequency          : 10 GHz

 Rectangular cells  : 118050
 Quadrangular cells : 2
 Triangular cells   : 1
 Via cells          : 0

 Edge currents      : 235608

------------------------------------------------------------------------------
SOLVER                        USER TIME      ELAPSED TIME      MEMORY         
PROCESSES                      (h:m:s)          (h:m:s)         (MB)          
------------------------------------------------------------------------------

SIMULATION SET-UP
-----------------
 Initialization           |     0: 0:22   |     0: 0:27   |    301.13   
 Ports analysis           |     0: 0: 0   |     0: 0: 0   |      0.00   
 Mesh processing          |     0: 0:49   |     0: 1: 2   |    682.13   

 Matrix size : 235608
 Reduced matrix size : 234112
 Estimated process size : 63106.13 MB

 Simulation temperature : 298.15 K

1. SIMULATION FREQUENCY = 0 Hz 
-------------------------
 Green functions          |     0: 0: 0   |     0: 0: 0   |      1.55   
 Basis creation           |     0: 1:17   |     0: 1:11   |   4334.14   
